<?xml version="1.0" encoding="UTF-8"?>
<!-- Generated by org.testng.reporters.JUnitXMLReporter -->
<testsuite hostname="LAPTOP-UJMV62ID" ignored="0" name="Default test" tests="3" failures="0" timestamp="23 Jul 2018 12:44:09 GMT" time="27.301" errors="0">
  <testcase name="ExcelTest" time="1.351" classname="com.amazon.qa.testcases.TestAmazonUser"/>
  <testcase name="ExcelTest" time="1.036" classname="com.amazon.qa.testcases.TestAmazonUser"/>
  <testcase name="ExcelTest" time="0.963" classname="com.amazon.qa.testcases.TestAmazonUser"/>
</testsuite> <!-- Default test -->
