<?xml version="1.0" encoding="UTF-8"?>
<!-- Generated by org.testng.reporters.JUnitXMLReporter -->
<testsuite hostname="LAPTOP-UJMV62ID" ignored="0" name="different pages test" tests="14" failures="0" timestamp="13 Jul 2018 12:03:19 GMT" time="412.262" errors="0">
  <testcase name="BtnClick" time="0.962" classname="com.amazon.qa.testcases.LoginTestCase"/>
  <testcase name="titleTest" time="0.026" classname="com.amazon.qa.testcases.LoginTestCase"/>
  <testcase name="PassWord" time="2.028" classname="com.amazon.qa.testcases.SignInTestCase"/>
  <testcase name="passwordButton" time="12.176" classname="com.amazon.qa.testcases.SignInTestCase"/>
  <testcase name="VerifyTodayDealTitle" time="2.02" classname="com.amazon.qa.testcases.TodaysDealPageTestCase"/>
  <testcase name="VerifyTodaysDealsPage" time="0.184" classname="com.amazon.qa.testcases.TodaysDealPageTestCase"/>
  <testcase name="VerifyAmazonPayPage" time="0.166" classname="com.amazon.qa.testcases.AmazonPayPageTestcase"/>
  <testcase name="VerifyAmazonpayTitle" time="2.021" classname="com.amazon.qa.testcases.AmazonPayPageTestcase"/>
  <testcase name="verifyHomeTitle" time="0.874" classname="com.amazon.qa.testcases.HomePageTsetCase"/>
  <testcase name="VerifyTitleAmazonUser" time="3.037" classname="com.amazon.qa.testcases.AmazonUserPageTestCase"/>
  <testcase name="verifyAmazonUser" time="1.377" classname="com.amazon.qa.testcases.HomePageTsetCase"/>
  <testcase name="VerifyAmazonuserpage" time="3.105" classname="com.amazon.qa.testcases.AmazonUserPageTestCase"/>
  <testcase name="verifyTodaysDeal" time="2.741" classname="com.amazon.qa.testcases.HomePageTsetCase"/>
  <testcase name="verifyAmazonPay" time="3.016" classname="com.amazon.qa.testcases.HomePageTsetCase"/>
</testsuite> <!-- different pages test -->
