<?xml version="1.0" encoding="UTF-8"?>
<testng-results skipped="0" failed="0" ignored="0" total="3" passed="3">
  <reporter-output>
  </reporter-output>
  <suite name="Default suite" duration-ms="27301" started-at="2018-07-23T12:43:42Z" finished-at="2018-07-23T12:44:09Z">
    <groups>
    </groups>
    <test name="Default test" duration-ms="27301" started-at="2018-07-23T12:43:42Z" finished-at="2018-07-23T12:44:09Z">
      <class name="com.amazon.qa.testcases.TestAmazonUser">
        <test-method status="PASS" signature="setUp()[pri:0, instance:com.amazon.qa.testcases.TestAmazonUser@6e06451e]" name="setUp" is-config="true" duration-ms="7866" started-at="2018-07-23T12:43:43Z" finished-at="2018-07-23T12:43:50Z">
          <reporter-output>
          </reporter-output>
        </test-method> <!-- setUp -->
        <test-method status="PASS" signature="ExcelTest(java.lang.String, java.lang.String, java.lang.String, java.lang.String)[pri:0, instance:com.amazon.qa.testcases.TestAmazonUser@6e06451e]" name="ExcelTest" duration-ms="1351" started-at="2018-07-23T12:43:50Z" data-provider="DataExcel" finished-at="2018-07-23T12:43:52Z">
          <params>
            <param index="0">
              <value>
                <![CDATA[dhiva]]>
              </value>
            </param>
            <param index="1">
              <value>
                <![CDATA[9.442772472E9]]>
              </value>
            </param>
            <param index="2">
              <value>
                <![CDATA[dhiva@gmail.com]]>
              </value>
            </param>
            <param index="3">
              <value>
                <![CDATA[qwerty]]>
              </value>
            </param>
          </params>
          <reporter-output>
          </reporter-output>
        </test-method> <!-- ExcelTest -->
        <test-method status="PASS" signature="tearDown()[pri:0, instance:com.amazon.qa.testcases.TestAmazonUser@6e06451e]" name="tearDown" is-config="true" duration-ms="690" started-at="2018-07-23T12:43:52Z" finished-at="2018-07-23T12:43:52Z">
          <reporter-output>
          </reporter-output>
        </test-method> <!-- tearDown -->
        <test-method status="PASS" signature="setUp()[pri:0, instance:com.amazon.qa.testcases.TestAmazonUser@6e06451e]" name="setUp" is-config="true" duration-ms="7280" started-at="2018-07-23T12:43:52Z" finished-at="2018-07-23T12:44:00Z">
          <reporter-output>
          </reporter-output>
        </test-method> <!-- setUp -->
        <test-method status="PASS" signature="ExcelTest(java.lang.String, java.lang.String, java.lang.String, java.lang.String)[pri:0, instance:com.amazon.qa.testcases.TestAmazonUser@6e06451e]" name="ExcelTest" duration-ms="1036" started-at="2018-07-23T12:44:00Z" data-provider="DataExcel" finished-at="2018-07-23T12:44:01Z">
          <params>
            <param index="0">
              <value>
                <![CDATA[raj]]>
              </value>
            </param>
            <param index="1">
              <value>
                <![CDATA[8.66805856E9]]>
              </value>
            </param>
            <param index="2">
              <value>
                <![CDATA[poiuy@gmail.com]]>
              </value>
            </param>
            <param index="3">
              <value>
                <![CDATA[zxcvbnm]]>
              </value>
            </param>
          </params>
          <reporter-output>
          </reporter-output>
        </test-method> <!-- ExcelTest -->
        <test-method status="PASS" signature="tearDown()[pri:0, instance:com.amazon.qa.testcases.TestAmazonUser@6e06451e]" name="tearDown" is-config="true" duration-ms="694" started-at="2018-07-23T12:44:01Z" finished-at="2018-07-23T12:44:01Z">
          <reporter-output>
          </reporter-output>
        </test-method> <!-- tearDown -->
        <test-method status="PASS" signature="setUp()[pri:0, instance:com.amazon.qa.testcases.TestAmazonUser@6e06451e]" name="setUp" is-config="true" duration-ms="6066" started-at="2018-07-23T12:44:01Z" finished-at="2018-07-23T12:44:08Z">
          <reporter-output>
          </reporter-output>
        </test-method> <!-- setUp -->
        <test-method status="PASS" signature="ExcelTest(java.lang.String, java.lang.String, java.lang.String, java.lang.String)[pri:0, instance:com.amazon.qa.testcases.TestAmazonUser@6e06451e]" name="ExcelTest" duration-ms="963" started-at="2018-07-23T12:44:08Z" data-provider="DataExcel" finished-at="2018-07-23T12:44:09Z">
          <params>
            <param index="0">
              <value>
                <![CDATA[naveen]]>
              </value>
            </param>
            <param index="1">
              <value>
                <![CDATA[123456.0]]>
              </value>
            </param>
            <param index="2">
              <value>
                <![CDATA[test@gmai.com]]>
              </value>
            </param>
            <param index="3">
              <value>
                <![CDATA[mnbvc]]>
              </value>
            </param>
          </params>
          <reporter-output>
          </reporter-output>
        </test-method> <!-- ExcelTest -->
        <test-method status="PASS" signature="tearDown()[pri:0, instance:com.amazon.qa.testcases.TestAmazonUser@6e06451e]" name="tearDown" is-config="true" duration-ms="685" started-at="2018-07-23T12:44:09Z" finished-at="2018-07-23T12:44:09Z">
          <reporter-output>
          </reporter-output>
        </test-method> <!-- tearDown -->
      </class> <!-- com.amazon.qa.testcases.TestAmazonUser -->
    </test> <!-- Default test -->
  </suite> <!-- Default suite -->
</testng-results>
